<?xml version="1.0" encoding="UTF-8"?>
<!-- Generated by org.testng.reporters.JUnitXMLReporter -->
<testsuite ignored="1" hostname="LAPTOP-M88C31OC" failures="0" tests="2" name="Stand Alone Design" time="53.825" errors="0" timestamp="2025-07-28T04:39:37 IST">
  <testcase classname="maheshacademy.tests.StandAloneDesign" name="submitOrder" time="14.983"/>
  <testcase classname="maheshacademy.tests.StandAloneDesign" name="submitOrder" time="14.799"/>
  <testcase classname="maheshacademy.tests.StandAloneDesign" name="orderHistoryTest" time="0.0">
    <ignored/>
  </testcase> <!-- orderHistoryTest -->
</testsuite> <!-- Stand Alone Design -->
