<?xml version="1.0" encoding="UTF-8"?>
<!-- Generated by org.testng.reporters.JUnitXMLReporter -->
<testsuite ignored="1" hostname="LAPTOP-M88C31OC" failures="0" tests="2" name="Stand Alone Design" time="95.284" errors="0" timestamp="2025-07-28T07:57:48 IST">
  <testcase classname="maheshacademy.tests.StandAloneDesign" name="submitOrder" time="32.581"/>
  <testcase classname="maheshacademy.tests.StandAloneDesign" name="submitOrder" time="16.558"/>
  <testcase classname="maheshacademy.tests.StandAloneDesign" name="orderHistoryTest" time="0.0">
    <ignored/>
  </testcase> <!-- orderHistoryTest -->
</testsuite> <!-- Stand Alone Design -->
